[06Apr2026 00:33:16.854] [main/INFO] [cpw.mods.modlauncher.Launcher/MODLAUNCHER]: ModLauncher running: args [--launchTarget, forgeclientdev, --version, 21.1.219, --assetIndex, 17, --assetsDir, C:\\Users\\Cole\\.gradle\\caches\\neoformruntime\\assets, --gameDir, ., --fml.fmlVersion, 4.0.42, --fml.mcVersion, 1.21.1, --fml.neoForgeVersion, 21.1.219, --fml.neoFormVersion, 20240808.144430]
[06Apr2026 00:33:16.887] [main/INFO] [cpw.mods.modlauncher.Launcher/MODLAUNCHER]: JVM identified as Eclipse Adoptium OpenJDK 64-Bit Server VM 21.0.6+7-LTS
[06Apr2026 00:33:16.890] [main/INFO] [cpw.mods.modlauncher.Launcher/MODLAUNCHER]: ModLauncher 11.0.5+main.901c6ea8 starting: java version 21.0.6 by Eclipse Adoptium; OS Windows 11 arch amd64 version 10.0
[06Apr2026 00:33:17.146] [main/INFO] [net.neoforged.fml.loading.ImmediateWindowHandler/]: Loading ImmediateWindowProvider fmlearlywindow
[06Apr2026 00:33:17.482] [main/INFO] [EARLYDISPLAY/]: Trying GL version 4.6
[06Apr2026 00:33:17.713] [main/INFO] [EARLYDISPLAY/]: Requested GL version 4.6 got version 4.6
[06Apr2026 00:33:17.977] [main/INFO] [mixin/]: SpongePowered MIXIN Subsystem Version=0.8.7 Source=union:/C:/Users/Cole/.gradle/caches/modules-2/files-2.1/net.fabricmc/sponge-mixin/0.15.2+mixin.0.8.7/2af2f021d8e02a0220dc27a7a72b4666d66d44ca/sponge-mixin-0.15.2+mixin.0.8.7.jar%23138!/ Service=ModLauncher Env=CLIENT
[06Apr2026 00:33:18.218] [pool-2-thread-1/INFO] [EARLYDISPLAY/]: GL info: NVIDIA GeForce RTX 3060/PCIe/SSE2 GL version 4.6.0 NVIDIA 595.97, NVIDIA Corporation
[06Apr2026 00:33:18.820] [main/INFO] [net.neoforged.fml.loading.moddiscovery.locators.JarInJarDependencyLocator/]: Found 2 dependencies adding them to mods collection
[06Apr2026 00:33:18.822] [main/INFO] [net.neoforged.fml.loading.moddiscovery.ModDiscoverer/]: 
     Mod List:
		Name Version (Mod Id)

		Architectury 13.0.8 (architectury)
		FTB Chunks 2101.1.14 (ftbchunks)
		FTB Library 2101.1.31 (ftblibrary)
		FTB Subchunks 1.0-SNAPSHOT (ftb_subchunks)
		FTB Teams 2101.1.9 (ftbteams)
		Minecraft 1.21.1 (minecraft)
		NeoForge 21.1.219 (neoforge)
[06Apr2026 00:33:20.259] [main/INFO] [mixin/]: Compatibility level set to JAVA_21
[06Apr2026 00:33:20.323] [main/INFO] [cpw.mods.modlauncher.LaunchServiceHandler/MODLAUNCHER]: Launching target 'forgeclientdev' with arguments [--version, 21.1.219, --gameDir, ., --assetsDir, C:\Users\Cole\.gradle\caches\neoformruntime\assets, --assetIndex, 17]
[06Apr2026 00:33:20.444] [main/WARN] [mixin/]: Reference map 'ftb_subchunks.refmap.json' for ftb_subchunks.mixins.json could not be read. If this is a development environment you can ignore this message
[06Apr2026 00:33:21.129] [main/INFO] [MixinExtras|Service/]: Initializing MixinExtras via com.llamalad7.mixinextras.service.MixinExtrasServiceImpl(version=0.5.0).
[06Apr2026 00:33:24.488] [main/WARN] [oshi.driver.windows.perfmon.PerfmonDisabled/]: Invalid registry value type detected for PerfOS counters. Should be REG_DWORD. Ignoring: HKEY_LOCAL_MACHINE\SYSTEM\CurrentControlSet\Services\PerfOS\Performance\Disable Performance Counters.
[06Apr2026 00:33:24.817] [Datafixer Bootstrap/INFO] [com.mojang.datafixers.DataFixerBuilder/]: 229 Datafixer optimizations took 1054 milliseconds
[06Apr2026 00:33:33.102] [main/WARN] [net.minecraft.commands.Commands/]: Ambiguity between arguments [teleport, location] and [teleport, destination] with inputs: [0.1 -0.5 .9, 0 0 0]
[06Apr2026 00:33:33.105] [main/WARN] [net.minecraft.commands.Commands/]: Ambiguity between arguments [teleport, location] and [teleport, targets] with inputs: [0.1 -0.5 .9, 0 0 0]
[06Apr2026 00:33:33.110] [main/WARN] [net.minecraft.commands.Commands/]: Ambiguity between arguments [teleport, destination] and [teleport, targets] with inputs: [Player, 0123, @e, dd12be42-52a9-4a91-a8a1-11c01849e498]
[06Apr2026 00:33:33.112] [main/WARN] [net.minecraft.commands.Commands/]: Ambiguity between arguments [teleport, targets] and [teleport, destination] with inputs: [Player, 0123, dd12be42-52a9-4a91-a8a1-11c01849e498]
[06Apr2026 00:33:33.113] [main/WARN] [net.minecraft.commands.Commands/]: Ambiguity between arguments [teleport, targets, location] and [teleport, targets, destination] with inputs: [0.1 -0.5 .9, 0 0 0]
[06Apr2026 00:33:33.452] [Render thread/WARN] [net.minecraft.server.packs.VanillaPackResourcesBuilder/]: Assets URL 'union:/D:/MC%20Mods%20Custom/FTB%20Subchunks/build/moddev/artifacts/neoforge-21.1.219.jar%23189!/assets/.mcassetsroot' uses unexpected schema
[06Apr2026 00:33:33.453] [Render thread/WARN] [net.minecraft.server.packs.VanillaPackResourcesBuilder/]: Assets URL 'union:/D:/MC%20Mods%20Custom/FTB%20Subchunks/build/moddev/artifacts/neoforge-21.1.219.jar%23189!/data/.mcassetsroot' uses unexpected schema
[06Apr2026 00:33:33.502] [Render thread/INFO] [com.mojang.authlib.yggdrasil.YggdrasilAuthenticationService/]: Environment: Environment[sessionHost=https://sessionserver.mojang.com, servicesHost=https://api.minecraftservices.com, name=PROD]
[06Apr2026 00:33:33.514] [Render thread/INFO] [net.minecraft.client.Minecraft/]: Setting user: Dev
[06Apr2026 00:33:33.626] [Render thread/INFO] [net.minecraft.client.Minecraft/]: Backend library: LWJGL version 3.3.3+5
[06Apr2026 00:33:33.972] [modloading-worker-0/INFO] [net.neoforged.neoforge.common.NeoForgeMod/NEOFORGE-MOD]: NeoForge mod loading, version 21.1.219, for MC 1.21.1
[06Apr2026 00:33:35.268] [Render thread/INFO] [net.neoforged.neoforge.gametest.GameTestHooks/]: Enabled Gametest Namespaces: [ftb_subchunks]
[06Apr2026 00:33:35.422] [Render thread/INFO] [net.minecraft.server.packs.resources.ReloadableResourceManager/]: Reloading ResourceManager: vanilla, mod_resources, mod/ftb_subchunks, mod/architectury, mod/ftblibrary, mod/ftbteams, mod/ftbchunks, mod/neoforge
[06Apr2026 00:33:35.752] [Worker-Main-6/INFO] [net.minecraft.client.gui.font.providers.UnihexProvider/]: Found unifont_all_no_pua-15.1.05.hex, loading
[06Apr2026 00:33:36.560] [Worker-Main-6/INFO] [net.minecraft.client.gui.font.providers.UnihexProvider/]: Found unifont_jp_patch-15.1.05.hex, loading
[06Apr2026 00:33:39.546] [Render thread/WARN] [net.minecraft.client.sounds.SoundEngine/]: Missing sound for event: minecraft:item.goat_horn.play
[06Apr2026 00:33:39.546] [Render thread/WARN] [net.minecraft.client.sounds.SoundEngine/]: Missing sound for event: minecraft:entity.goat.screaming.horn_break
[06Apr2026 00:33:39.618] [Render thread/INFO] [com.mojang.blaze3d.audio.Library/]: OpenAL initialized on device OpenAL Soft on Voicemeeter VAIO3 Input (VB-Audio Voicemeeter VAIO)
[06Apr2026 00:33:39.620] [Render thread/INFO] [net.minecraft.client.sounds.SoundEngine/SOUNDS]: Sound engine started
[06Apr2026 00:33:39.754] [Render thread/INFO] [net.minecraft.client.renderer.texture.TextureAtlas/]: Created: 1024x512x4 minecraft:textures/atlas/blocks.png-atlas
[06Apr2026 00:33:39.769] [Render thread/INFO] [net.minecraft.client.renderer.texture.TextureAtlas/]: Created: 256x256x4 minecraft:textures/atlas/signs.png-atlas
[06Apr2026 00:33:39.770] [Render thread/INFO] [net.minecraft.client.renderer.texture.TextureAtlas/]: Created: 512x512x4 minecraft:textures/atlas/shield_patterns.png-atlas
[06Apr2026 00:33:39.770] [Render thread/INFO] [net.minecraft.client.renderer.texture.TextureAtlas/]: Created: 512x512x4 minecraft:textures/atlas/banner_patterns.png-atlas
[06Apr2026 00:33:39.772] [Render thread/INFO] [net.minecraft.client.renderer.texture.TextureAtlas/]: Created: 1024x1024x4 minecraft:textures/atlas/armor_trims.png-atlas
[06Apr2026 00:33:39.778] [Render thread/INFO] [net.minecraft.client.renderer.texture.TextureAtlas/]: Created: 256x256x4 minecraft:textures/atlas/chest.png-atlas
[06Apr2026 00:33:39.779] [Render thread/INFO] [net.minecraft.client.renderer.texture.TextureAtlas/]: Created: 128x64x4 minecraft:textures/atlas/decorated_pot.png-atlas
[06Apr2026 00:33:39.779] [Render thread/INFO] [net.minecraft.client.renderer.texture.TextureAtlas/]: Created: 512x256x4 minecraft:textures/atlas/beds.png-atlas
[06Apr2026 00:33:39.780] [Render thread/INFO] [net.minecraft.client.renderer.texture.TextureAtlas/]: Created: 512x256x4 minecraft:textures/atlas/shulker_boxes.png-atlas
[06Apr2026 00:33:39.988] [Render thread/INFO] [net.minecraft.client.renderer.texture.TextureAtlas/]: Created: 512x256x0 minecraft:textures/atlas/particles.png-atlas
[06Apr2026 00:33:39.989] [Render thread/INFO] [net.minecraft.client.renderer.texture.TextureAtlas/]: Created: 512x256x0 minecraft:textures/atlas/paintings.png-atlas
[06Apr2026 00:33:39.989] [Render thread/INFO] [net.minecraft.client.renderer.texture.TextureAtlas/]: Created: 256x128x0 minecraft:textures/atlas/mob_effects.png-atlas
[06Apr2026 00:33:39.989] [Render thread/INFO] [net.minecraft.client.renderer.texture.TextureAtlas/]: Created: 64x64x0 minecraft:textures/atlas/map_decorations.png-atlas
[06Apr2026 00:33:39.989] [Render thread/INFO] [net.minecraft.client.renderer.texture.TextureAtlas/]: Created: 1024x512x0 minecraft:textures/atlas/gui.png-atlas
[06Apr2026 00:33:40.010] [Render thread/WARN] [net.minecraft.client.renderer.ShaderInstance/]: Shader rendertype_entity_translucent_emissive could not find sampler named Sampler2 in the specified shader program.
[06Apr2026 00:33:40.053] [Render thread/INFO] [net.neoforged.neoforge.client.entity.animation.json.AnimationLoader/]: Loaded 0 entity animations
[06Apr2026 00:34:00.591] [Render thread/INFO] [net.minecraft.world.item.crafting.RecipeManager/]: Loaded 1290 recipes
[06Apr2026 00:34:00.841] [Render thread/INFO] [net.minecraft.advancements.AdvancementTree/]: Loaded 1399 advancements
[06Apr2026 00:34:01.415] [Server thread/INFO] [net.minecraft.client.server.IntegratedServer/]: Starting integrated minecraft server version 1.21.1
[06Apr2026 00:34:01.415] [Server thread/INFO] [net.minecraft.server.MinecraftServer/]: Generating keypair
[06Apr2026 00:34:01.581] [Server thread/INFO] [FTB Teams/]: loaded team data: 2 known players, 2 teams total
[06Apr2026 00:34:03.064] [Server thread/INFO] [net.minecraft.server.MinecraftServer/]: Preparing start region for dimension minecraft:overworld
[06Apr2026 00:34:03.462] [progressListener/INFO] [net.minecraft.server.level.progress.LoggerChunkProgressListener/]: Preparing spawn area: 0%
[06Apr2026 00:34:03.579] [progressListener/INFO] [net.minecraft.server.level.progress.LoggerChunkProgressListener/]: Preparing spawn area: 59%
[06Apr2026 00:34:03.653] [Server thread/INFO] [net.neoforged.neoforge.server.permission.PermissionAPI/]: Successfully initialized permission handler neoforge:default_handler
[06Apr2026 00:34:03.658] [progressListener/INFO] [net.minecraft.server.level.progress.LoggerChunkProgressListener/]: Time elapsed: 581 ms
[06Apr2026 00:34:03.812] [Server thread/INFO] [net.minecraft.client.server.IntegratedServer/]: Changing view distance to 12, from 10
[06Apr2026 00:34:03.812] [Server thread/INFO] [net.minecraft.client.server.IntegratedServer/]: Changing simulation distance to 12, from 0
[06Apr2026 00:34:04.769] [Server thread/INFO] [net.minecraft.server.players.PlayerList/]: Dev[local:E:2c62dccd] logged in with entity id 27 at (-68.2130620666042, 103.23200376877287, 24.846656381482514)
[06Apr2026 00:34:04.861] [Server thread/INFO] [net.minecraft.server.MinecraftServer/]: Dev joined the game
[06Apr2026 00:34:05.000] [Render thread/INFO] [FTB Library/]: received server config settings for config: ftbchunks-world
[06Apr2026 00:34:05.001] [Render thread/INFO] [FTB Library/]: config has been updated! server = false - clear any cached data etc. here
[06Apr2026 00:34:05.001] [Render thread/INFO] [FTB Library/]: received server config settings for config: ftblibrary-server
[06Apr2026 00:34:05.008] [Render thread/INFO] [net.minecraft.client.gui.components.ChatComponent/]: [System] [CHAT] Hello from FTB Library!
[06Apr2026 00:34:05.032] [Render thread/INFO] [FTB Chunks/]: Loading FTB Chunks client data from world 47145100-2785-43b3-8017-8246f341f8fe
[06Apr2026 00:34:05.618] [Render thread/INFO] [net.minecraft.advancements.AdvancementTree/]: Loaded 2 advancements
[06Apr2026 00:34:06.747] [Server thread/INFO] [net.minecraft.client.server.IntegratedServer/]: Saving and pausing game...
[06Apr2026 00:34:06.778] [Server thread/INFO] [net.minecraft.server.MinecraftServer/]: Saving chunks for level 'ServerLevel[New World]'/minecraft:overworld
[06Apr2026 00:34:06.827] [Server thread/INFO] [net.minecraft.server.MinecraftServer/]: Saving chunks for level 'ServerLevel[New World]'/minecraft:the_nether
[06Apr2026 00:34:06.829] [Server thread/INFO] [net.minecraft.server.MinecraftServer/]: Saving chunks for level 'ServerLevel[New World]'/minecraft:the_end
[06Apr2026 00:34:20.689] [Render thread/INFO] [net.minecraft.client.gui.components.ChatComponent/]: [System] [CHAT] [Sub-Chunks] Paintbrush equipped: Test
[06Apr2026 00:34:41.582] [Render thread/INFO] [net.minecraft.client.gui.components.ChatComponent/]: [System] [CHAT] [Sub-Chunks] Paintbrush equipped: Test
[06Apr2026 00:34:51.263] [Server thread/INFO] [net.minecraft.client.server.IntegratedServer/]: Saving and pausing game...
[06Apr2026 00:34:51.278] [Server thread/INFO] [net.minecraft.server.MinecraftServer/]: Saving chunks for level 'ServerLevel[New World]'/minecraft:overworld
[06Apr2026 00:34:51.290] [Server thread/INFO] [net.minecraft.server.MinecraftServer/]: Saving chunks for level 'ServerLevel[New World]'/minecraft:the_nether
[06Apr2026 00:34:51.290] [Server thread/INFO] [net.minecraft.server.MinecraftServer/]: Saving chunks for level 'ServerLevel[New World]'/minecraft:the_end
[06Apr2026 00:34:53.292] [Render thread/INFO] [net.minecraft.server.network.ServerConnectionListener/]: Using default channel type
[06Apr2026 00:34:53.306] [Render thread/INFO] [net.minecraft.client.server.IntegratedServer/]: Started serving on 59081
[06Apr2026 00:34:53.318] [Render thread/INFO] [net.minecraft.client.gui.components.ChatComponent/]: [System] [CHAT] Local game hosted on port [59081]
[06Apr2026 00:34:57.229] [User Authenticator #1/INFO] [net.minecraft.server.network.ServerLoginPacketListenerImpl/]: UUID of player troller2705 is 7ab87465-0ab9-4b72-9412-a54690d3291b
[06Apr2026 00:34:58.215] [Server thread/INFO] [net.minecraft.server.players.PlayerList/]: troller2705[/[fe80::1450:26d4:67e:c394]:63656] logged in with entity id 577 at (7.387868576962803, 73.74716958014434, -1.300000011920929)
[06Apr2026 00:34:58.228] [Server thread/INFO] [net.minecraft.server.MinecraftServer/]: troller2705 joined the game
[06Apr2026 00:34:58.243] [Render thread/INFO] [net.minecraft.client.gui.components.ChatComponent/]: [System] [CHAT] troller2705 joined the game
[06Apr2026 00:35:58.371] [Server thread/INFO] [net.minecraft.server.network.ServerGamePacketListenerImpl/]: troller2705 lost connection: Disconnected
[06Apr2026 00:35:58.372] [Server thread/INFO] [net.minecraft.server.MinecraftServer/]: troller2705 left the game
[06Apr2026 00:35:58.390] [Render thread/INFO] [net.minecraft.client.gui.components.ChatComponent/]: [System] [CHAT] troller2705 left the game
[06Apr2026 00:36:01.963] [User Authenticator #2/INFO] [net.minecraft.server.network.ServerLoginPacketListenerImpl/]: UUID of player troller2705 is 7ab87465-0ab9-4b72-9412-a54690d3291b
[06Apr2026 00:36:02.479] [Server thread/INFO] [net.minecraft.server.players.PlayerList/]: troller2705[/[fe80::1450:26d4:67e:c394]:53637] logged in with entity id 891 at (7.387868576962803, 73.74716958014434, -1.300000011920929)
[06Apr2026 00:36:02.488] [Server thread/INFO] [net.minecraft.server.MinecraftServer/]: troller2705 joined the game
[06Apr2026 00:36:02.494] [Render thread/INFO] [net.minecraft.client.gui.components.ChatComponent/]: [System] [CHAT] troller2705 joined the game
[06Apr2026 00:39:14.333] [Netty Server IO #4/ERROR] [net.minecraft.network.Connection/]: Exception caught in connection
java.net.SocketException: Connection reset
	at java.base/sun.nio.ch.SocketChannelImpl.throwConnectionReset(SocketChannelImpl.java:401) ~[?:?]
	at java.base/sun.nio.ch.SocketChannelImpl.read(SocketChannelImpl.java:434) ~[?:?]
	at MC-BOOTSTRAP/io.netty.buffer@4.1.97.Final/io.netty.buffer.PooledByteBuf.setBytes(PooledByteBuf.java:254) ~[netty-buffer-4.1.97.Final.jar%23129!/:4.1.97.Final]
	at MC-BOOTSTRAP/io.netty.buffer@4.1.97.Final/io.netty.buffer.AbstractByteBuf.writeBytes(AbstractByteBuf.java:1132) ~[netty-buffer-4.1.97.Final.jar%23129!/:4.1.97.Final]
	at MC-BOOTSTRAP/io.netty.transport@4.1.97.Final/io.netty.channel.socket.nio.NioSocketChannel.doReadBytes(NioSocketChannel.java:357) ~[netty-transport-4.1.97.Final.jar%23136!/:4.1.97.Final]
	at MC-BOOTSTRAP/io.netty.transport@4.1.97.Final/io.netty.channel.nio.AbstractNioByteChannel$NioByteUnsafe.read(AbstractNioByteChannel.java:151) ~[netty-transport-4.1.97.Final.jar%23136!/:4.1.97.Final]
	at MC-BOOTSTRAP/io.netty.transport@4.1.97.Final/io.netty.channel.nio.NioEventLoop.processSelectedKey(NioEventLoop.java:788) ~[netty-transport-4.1.97.Final.jar%23136!/:4.1.97.Final]
	at MC-BOOTSTRAP/io.netty.transport@4.1.97.Final/io.netty.channel.nio.NioEventLoop.processSelectedKeysOptimized(NioEventLoop.java:724) ~[netty-transport-4.1.97.Final.jar%23136!/:4.1.97.Final]
	at MC-BOOTSTRAP/io.netty.transport@4.1.97.Final/io.netty.channel.nio.NioEventLoop.processSelectedKeys(NioEventLoop.java:650) ~[netty-transport-4.1.97.Final.jar%23136!/:4.1.97.Final]
	at MC-BOOTSTRAP/io.netty.transport@4.1.97.Final/io.netty.channel.nio.NioEventLoop.run(NioEventLoop.java:562) ~[netty-transport-4.1.97.Final.jar%23136!/:4.1.97.Final]
	at MC-BOOTSTRAP/io.netty.common@4.1.97.Final/io.netty.util.concurrent.SingleThreadEventExecutor$4.run(SingleThreadEventExecutor.java:997) ~[netty-common-4.1.97.Final.jar%23131!/:4.1.97.Final]
	at MC-BOOTSTRAP/io.netty.common@4.1.97.Final/io.netty.util.internal.ThreadExecutorMap$2.run(ThreadExecutorMap.java:74) ~[netty-common-4.1.97.Final.jar%23131!/:4.1.97.Final]
	at java.base/java.lang.Thread.run(Thread.java:1583) [?:?]
[06Apr2026 00:39:14.567] [Server thread/INFO] [net.minecraft.server.network.ServerGamePacketListenerImpl/]: troller2705 lost connection: Disconnected
[06Apr2026 00:39:14.568] [Server thread/INFO] [net.minecraft.server.MinecraftServer/]: troller2705 left the game
[06Apr2026 00:39:14.636] [Render thread/INFO] [net.minecraft.client.gui.components.ChatComponent/]: [System] [CHAT] troller2705 left the game
[06Apr2026 00:44:08.721] [Server thread/INFO] [net.minecraft.server.network.ServerGamePacketListenerImpl/]: Dev lost connection: Disconnected
[06Apr2026 00:44:08.721] [Server thread/INFO] [net.minecraft.server.MinecraftServer/]: Dev left the game
[06Apr2026 00:44:08.734] [Server thread/INFO] [net.minecraft.server.network.ServerCommonPacketListenerImpl/]: Stopping singleplayer server as player logged out
[06Apr2026 00:44:08.784] [Server thread/INFO] [net.minecraft.server.MinecraftServer/]: Stopping server
[06Apr2026 00:44:08.785] [Server thread/INFO] [net.minecraft.server.MinecraftServer/]: Saving players
[06Apr2026 00:44:08.785] [Server thread/INFO] [net.minecraft.server.MinecraftServer/]: Saving worlds
[06Apr2026 00:44:09.121] [Server thread/INFO] [net.minecraft.server.MinecraftServer/]: Saving chunks for level 'ServerLevel[New World]'/minecraft:overworld
[06Apr2026 00:44:09.230] [Server thread/INFO] [net.minecraft.server.MinecraftServer/]: Saving chunks for level 'ServerLevel[New World]'/minecraft:the_nether
[06Apr2026 00:44:09.237] [Server thread/INFO] [net.minecraft.server.MinecraftServer/]: Saving chunks for level 'ServerLevel[New World]'/minecraft:the_end
[06Apr2026 00:44:09.252] [Server thread/INFO] [net.minecraft.server.MinecraftServer/]: ThreadedAnvilChunkStorage (New World): All chunks are saved
[06Apr2026 00:44:09.253] [Server thread/INFO] [net.minecraft.server.MinecraftServer/]: ThreadedAnvilChunkStorage (DIM-1): All chunks are saved
[06Apr2026 00:44:09.253] [Server thread/INFO] [net.minecraft.server.MinecraftServer/]: ThreadedAnvilChunkStorage (DIM1): All chunks are saved
[06Apr2026 00:44:09.253] [Server thread/INFO] [net.minecraft.server.MinecraftServer/]: ThreadedAnvilChunkStorage: All dimensions are saved
[06Apr2026 00:44:12.681] [Render thread/INFO] [net.minecraft.world.item.crafting.RecipeManager/]: Loaded 1290 recipes
[06Apr2026 00:44:12.765] [Render thread/INFO] [net.minecraft.advancements.AdvancementTree/]: Loaded 1399 advancements
[06Apr2026 00:44:13.161] [Server thread/INFO] [net.minecraft.client.server.IntegratedServer/]: Starting integrated minecraft server version 1.21.1
[06Apr2026 00:44:13.161] [Server thread/INFO] [net.minecraft.server.MinecraftServer/]: Generating keypair
[06Apr2026 00:44:13.257] [Server thread/INFO] [FTB Teams/]: loaded team data: 2 known players, 2 teams total
[06Apr2026 00:44:14.007] [Server thread/INFO] [net.minecraft.server.MinecraftServer/]: Preparing start region for dimension minecraft:overworld
[06Apr2026 00:44:14.189] [progressListener/INFO] [net.minecraft.server.level.progress.LoggerChunkProgressListener/]: Preparing spawn area: 0%
[06Apr2026 00:44:14.216] [Server thread/INFO] [net.neoforged.neoforge.server.permission.PermissionAPI/]: Successfully initialized permission handler neoforge:default_handler
[06Apr2026 00:44:14.228] [Server thread/INFO] [net.minecraft.client.server.IntegratedServer/]: Changing view distance to 12, from 10
[06Apr2026 00:44:14.228] [Server thread/INFO] [net.minecraft.client.server.IntegratedServer/]: Changing simulation distance to 12, from 0
[06Apr2026 00:44:14.229] [progressListener/INFO] [net.minecraft.server.level.progress.LoggerChunkProgressListener/]: Time elapsed: 207 ms
[06Apr2026 00:44:14.471] [Server thread/INFO] [net.minecraft.server.players.PlayerList/]: Dev[local:E:405c0915] logged in with entity id 2657 at (-68.2130620666042, 103.23200376877287, 24.846656381482514)
[06Apr2026 00:44:14.550] [Server thread/INFO] [net.minecraft.server.MinecraftServer/]: Dev joined the game
[06Apr2026 00:44:14.596] [Render thread/INFO] [FTB Library/]: received server config settings for config: ftbchunks-world
[06Apr2026 00:44:14.596] [Render thread/INFO] [FTB Library/]: config has been updated! server = false - clear any cached data etc. here
[06Apr2026 00:44:14.596] [Render thread/INFO] [FTB Library/]: received server config settings for config: ftblibrary-server
[06Apr2026 00:44:14.596] [Render thread/INFO] [net.minecraft.client.gui.components.ChatComponent/]: [System] [CHAT] Hello from FTB Library!
[06Apr2026 00:44:14.615] [Render thread/INFO] [FTB Chunks/]: Loading FTB Chunks client data from world 47145100-2785-43b3-8017-8246f341f8fe
[06Apr2026 00:44:14.929] [Render thread/INFO] [net.minecraft.advancements.AdvancementTree/]: Loaded 2 advancements
